<?xml version="1.0" encoding="UTF-8" ?>
<testsuite errors="1" failures="0" hostname="ruud-PC" name="UnitTests.BankTests" skipped="0" tests="1" time="0.069" timestamp="2016-05-24T13:04:44">
  <properties>
    <property name="netbeans.autoupdate.country" value="NL" />
    <property name="javafx.binarycss" value="false" />
    <property name="javafx.signing.enabled" value="true" />
    <property name="javac.test.classpath" value="D:\Program Files\Java\jdk1.8.0_40\jre/lib/javaws.jar:D:\Program Files\Java\jdk1.8.0_40\jre/lib/deploy.jar:D:\Program Files\Java\jdk1.8.0_40\jre/lib/plugin.jar:build/classes:D:\Program Files\NetBeans 8.1\platform\modules\ext\junit-4.12.jar" />
    <property name="manifest.custom.codebase" value="*" />
    <property name="javac.includes" value="UnitTests/BankTests.java" />
    <property name="ant.core.lib" value="D:\Program Files\NetBeans 8.1\extide\ant\lib\ant.jar" />
    <property name="javadoc.windowtitle" value="" />
    <property name="javafx.preloader.enabled" value="false" />
    <property name="user.dir" value="C:\Users\ruud\Documents\NetBeansProjects\BankierenNoObserverFX" />
    <property name="java.vm.version" value="25.40-b25" />
    <property name="libs.MySQLDriver.classpath" value="D:\Program Files\NetBeans 8.1\ide\modules\ext\mysql-connector-java-5.1.23-bin.jar" />
    <property name="libs.eclipselinkmodelgen.src" value="" />
    <property name="javadoc.notree" value="false" />
    <property name="netbeans.autoupdate.version" value="1.23" />
    <property name="javac.profile.cmd.line.arg" value="" />
    <property name="jdk.home" value="D:\Program Files\Java\jdk1.8.0_40" />
    <property name="libs.javac-api.src" value="" />
    <property name="javafx.enabled" value="true" />
    <property name="javadoc.noindex" value="false" />
    <property name="libs.jpa2-persistence.classpath" value="D:\Program Files\NetBeans 8.1\java\modules\ext\hibernate4\hibernate-jpa-2.1-api-1.0.0.Final.jar" />
    <property name="sun.os.patch.level" value="" />
    <property name="auxiliary.org-netbeans-modules-projectapi.issue214819_5f_fx_5f_enabled" value="true" />
    <property name="java.vm.specification.name" value="Java Virtual Machine Specification" />
    <property name="nb.show.statistics.ui" value="usageStatisticsEnabled" />
    <property name="netbeans.autoupdate.variant" value="" />
    <property name="have.tests" value="true" />
    <property name="org.xml.sax.driver" value="com.sun.org.apache.xerces.internal.jaxp.SAXParserImpl$JAXPSAXParser" />
    <property name="libs.hamcrest.classpath" value="D:\Program Files\NetBeans 8.1\platform\modules\ext\hamcrest-core-1.3.jar" />
    <property name="libs.javac-api.javadoc" value="" />
    <property name="os.name" value="Windows 8.1" />
    <property name="test.class" value="UnitTests.BankTests" />
    <property name="libs.beans-binding.classpath" value="D:\Program Files\NetBeans 8.1\java\modules\ext\beansbinding-1.2.1.jar" />
    <property name="ap.proc.none.internal" value="" />
    <property name="libs.JWSAntTasks.maven-pom" value="" />
    <property name="libs.testng.src" value="" />
    <property name="javafx.preloader.project.path" value="" />
    <property name="java.vendor.url.bug" value="http://bugreport.sun.com/bugreport/" />
    <property name="javafx.preloader.type" value="none" />
    <property name="libs.jaxb.maven-pom" value="" />
    <property name="os.arch" value="amd64" />
    <property name="libs.eclipselink.src" value="" />
    <property name="user.name" value="ruud" />
    <property name="copylibs.rebase" value="true" />
    <property name="libs.swing-layout.maven-pom" value="" />
    <property name="sun.java.command" value="org.apache.tools.ant.taskdefs.optional.junit.JUnitTestRunner UnitTests.BankTests skipNonTests=false filtertrace=true haltOnError=false haltOnFailure=false showoutput=true outputtoformatters=true logfailedtests=true threadid=0 logtestlistenerevents=true formatter=org.apache.tools.ant.taskdefs.optional.junit.BriefJUnitResultFormatter formatter=org.apache.tools.ant.taskdefs.optional.junit.XMLJUnitResultFormatter,C:\Users\ruud\Documents\NetBeansProjects\BankierenNoObserverFX\build\test\results\TEST-UnitTests.BankTests.xml crashfile=C:\Users\ruud\Documents\NetBeansProjects\BankierenNoObserverFX\build\junitvmwatcher4334424440363963268.properties propsfile=C:\Users\ruud\Documents\NetBeansProjects\BankierenNoObserverFX\build\junit7137687940237969391.properties" />
    <property name="build.classes.dir" value="build/classes" />
    <property name="netbeans.accept_license_class" value="org.netbeans.license.AcceptLicense" />
    <property name="build.sysclasspath" value="ignore" />
    <property name="ap.supported.internal" value="true" />
    <property name="java.failonerror" value="true" />
    <property name="libs.jaxws21.javadoc" value="D:\Program Files\NetBeans 8.1\java\docs\jaxws-api-doc.zip" />
    <property name="javafx.run.width" value="800" />
    <property name="includes" value="**" />
    <property name="user.country" value="NL" />
    <property name="manifest.file" value="manifest.mf" />
    <property name="javadoc.encoding" value="UTF-8" />
    <property name="javac.classpath" value="D:\Program Files\Java\jdk1.8.0_40\jre/lib/javaws.jar:D:\Program Files\Java\jdk1.8.0_40\jre/lib/deploy.jar:D:\Program Files\Java\jdk1.8.0_40\jre/lib/plugin.jar" />
    <property name="libs.JAVADB_DRIVER_LABEL.src" value="" />
    <property name="libs.spring-framework400.classpath" value="D:\Program Files\NetBeans 8.1\ide\modules\org-apache-commons-logging.jar;D:\Program Files\NetBeans 8.1\java\modules\ext\cglib-2.2.jar;D:\Program Files\NetBeans 8.1\java\modules\ext\spring-4\spring-aop-4.0.1.RELEASE.jar;D:\Program Files\NetBeans 8.1\java\modules\ext\spring-4\spring-aspects-4.0.1.RELEASE.jar;D:\Program Files\NetBeans 8.1\java\modules\ext\spring-4\spring-beans-4.0.1.RELEASE.jar;D:\Program Files\NetBeans 8.1\java\modules\ext\spring-4\spring-build-src-4.0.1.RELEASE.jar;D:\Program Files\NetBeans 8.1\java\modules\ext\spring-4\spring-context-4.0.1.RELEASE.jar;D:\Program Files\NetBeans 8.1\java\modules\ext\spring-4\spring-context-support-4.0.1.RELEASE.jar;D:\Program Files\NetBeans 8.1\java\modules\ext\spring-4\spring-core-4.0.1.RELEASE.jar;D:\Program Files\NetBeans 8.1\java\modules\ext\spring-4\spring-expression-4.0.1.RELEASE.jar;D:\Program Files\NetBeans 8.1\java\modules\ext\spring-4\spring-framework-bom-4.0.1.RELEASE.jar;D:\Program Files\NetBeans 8.1\java\modules\ext\spring-4\spring-instrument-4.0.1.RELEASE.jar;D:\Program Files\NetBeans 8.1\java\modules\ext\spring-4\spring-instrument-tomcat-4.0.1.RELEASE.jar;D:\Program Files\NetBeans 8.1\java\modules\ext\spring-4\spring-jdbc-4.0.1.RELEASE.jar;D:\Program Files\NetBeans 8.1\java\modules\ext\spring-4\spring-jms-4.0.1.RELEASE.jar;D:\Program Files\NetBeans 8.1\java\modules\ext\spring-4\spring-messaging-4.0.1.RELEASE.jar;D:\Program Files\NetBeans 8.1\java\modules\ext\spring-4\spring-orm-4.0.1.RELEASE.jar;D:\Program Files\NetBeans 8.1\java\modules\ext\spring-4\spring-oxm-4.0.1.RELEASE.jar;D:\Program Files\NetBeans 8.1\java\modules\ext\spring-4\spring-test-4.0.1.RELEASE.jar;D:\Program Files\NetBeans 8.1\java\modules\ext\spring-4\spring-tx-4.0.1.RELEASE.jar;D:\Program Files\NetBeans 8.1\java\modules\ext\spring-4\spring-web-4.0.1.RELEASE.jar;D:\Program Files\NetBeans 8.1\java\modules\ext\spring-4\spring-webmvc-4.0.1.RELEASE.jar;D:\Program Files\NetBeans 8.1\java\modules\ext\spring-4\spring-webmvc-portlet-4.0.1.RELEASE.jar;D:\Program Files\NetBeans 8.1\java\modules\ext\spring-4\spring-websocket-4.0.1.RELEASE.jar" />
    <property name="debug-transport" value="dt_shmem" />
    <property name="netbeans.home" value="D:\Program Files\NetBeans 8.1\platform" />
    <property name="build.compiler.emacs" value="true" />
    <property name="javafx.deploy.includeDT" value="true" />
    <property name="java.endorsed.dirs" value="D:\Program Files\Java\jdk1.8.0_40\jre\lib\endorsed" />
    <property name="user.language.format" value="en" />
    <property name="libs.groovy-all.src" value="" />
    <property name="test.includes" value="UnitTests/BankTests.java" />
    <property name="netbeans.dynamic.classpath" value="D:\Program Files\NetBeans 8.1\platform\core\asm-all-5.0.1.jar;D:\Program Files\NetBeans 8.1\platform\core\core-base.jar;D:\Program Files\NetBeans 8.1\platform\core\core.jar;D:\Program Files\NetBeans 8.1\platform\core\org-netbeans-libs-asm.jar;D:\Program Files\NetBeans 8.1\platform\core\org-openide-filesystems-compat8.jar;D:\Program Files\NetBeans 8.1\platform\core\org-openide-filesystems.jar;D:\Program Files\NetBeans 8.1\platform\core\locale\core-base_ja.jar;D:\Program Files\NetBeans 8.1\platform\core\locale\core-base_pt_BR.jar;D:\Program Files\NetBeans 8.1\platform\core\locale\core-base_ru.jar;D:\Program Files\NetBeans 8.1\platform\core\locale\core-base_zh_CN.jar;D:\Program Files\NetBeans 8.1\platform\core\locale\core_ja.jar;D:\Program Files\NetBeans 8.1\platform\core\locale\core_pt_BR.jar;D:\Program Files\NetBeans 8.1\platform\core\locale\core_ru.jar;D:\Program Files\NetBeans 8.1\platform\core\locale\core_zh_CN.jar;D:\Program Files\NetBeans 8.1\platform\core\locale\org-netbeans-libs-asm_ja.jar;D:\Program Files\NetBeans 8.1\platform\core\locale\org-netbeans-libs-asm_pt_BR.jar;D:\Program Files\NetBeans 8.1\platform\core\locale\org-netbeans-libs-asm_ru.jar;D:\Program Files\NetBeans 8.1\platform\core\locale\org-netbeans-libs-asm_zh_CN.jar;D:\Program Files\NetBeans 8.1\platform\core\locale\org-openide-filesystems-compat8_ja.jar;D:\Program Files\NetBeans 8.1\platform\core\locale\org-openide-filesystems-compat8_pt_BR.jar;D:\Program Files\NetBeans 8.1\platform\core\locale\org-openide-filesystems-compat8_ru.jar;D:\Program Files\NetBeans 8.1\platform\core\locale\org-openide-filesystems-compat8_zh_CN.jar;D:\Program Files\NetBeans 8.1\platform\core\locale\org-openide-filesystems_ja.jar;D:\Program Files\NetBeans 8.1\platform\core\locale\org-openide-filesystems_pt_BR.jar;D:\Program Files\NetBeans 8.1\platform\core\locale\org-openide-filesystems_ru.jar;D:\Program Files\NetBeans 8.1\platform\core\locale\org-openide-filesystems_zh_CN.jar;D:\Program Files\NetBeans 8.1\nb\core\org-netbeans-upgrader.jar;D:\Program Files\NetBeans 8.1\nb\core\locale\core_nb.jar;D:\Program Files\NetBeans 8.1\nb\core\locale\core_nb_ja.jar;D:\Program Files\NetBeans 8.1\nb\core\locale\core_nb_pt_BR.jar;D:\Program Files\NetBeans 8.1\nb\core\locale\core_nb_ru.jar;D:\Program Files\NetBeans 8.1\nb\core\locale\core_nb_zh_CN.jar;D:\Program Files\NetBeans 8.1\nb\core\locale\org-netbeans-upgrader_ja.jar;D:\Program Files\NetBeans 8.1\nb\core\locale\org-netbeans-upgrader_pt_BR.jar;D:\Program Files\NetBeans 8.1\nb\core\locale\org-netbeans-upgrader_ru.jar;D:\Program Files\NetBeans 8.1\nb\core\locale\org-netbeans-upgrader_zh_CN.jar" />
    <property name="jnlp.enabled" value="false" />
    <property name="java.vm.specification.version" value="1.8" />
    <property name="libs.hibernate4-support.src" value="" />
    <property name="libs.groovy-all.maven-pom" value="" />
    <property name="netbeans.productversion" value="NetBeans IDE 8.1 (Build 201510222201)" />
    <property name="javafx.preloader.class" value="" />
    <property name="libs.jaxws21.src" value="" />
    <property name="application.title" value="BankierenNoObserverFX" />
    <property name="netbeans.autoupdate.language" value="nl" />
    <property name="java.vendor" value="Oracle Corporation" />
    <property name="jar.index.metainf" value="false" />
    <property name="javac.debug" value="true" />
    <property name="javadoc.splitindex" value="true" />
    <property name="file.separator" value="\" />
    <property name="javac.includesfile.binary" value="C:\Users\ruud\Documents\NetBeansProjects\BankierenNoObserverFX\null1951122990" />
    <property name="libs.junit_4.maven-pom" value="" />
    <property name="ant.file.type.BankierenNoObserverFX-impl" value="file" />
    <property name="javac.test.processorpath" value="D:\Program Files\Java\jdk1.8.0_40\jre/lib/javaws.jar:D:\Program Files\Java\jdk1.8.0_40\jre/lib/deploy.jar:D:\Program Files\Java\jdk1.8.0_40\jre/lib/plugin.jar:build/classes:D:\Program Files\NetBeans 8.1\platform\modules\ext\junit-4.12.jar" />
    <property name="netbeans.buildnumber" value="201510222201" />
    <property name="libs.JWSAntTasks.javadoc" value="" />
    <property name="build.generated.sources.dir" value="build/generated-sources" />
    <property name="user.variant" value="" />
    <property name="libs.eclipselinkmodelgen.classpath" value="D:\Program Files\NetBeans 8.1\java\modules\ext\eclipselink\org.eclipse.persistence.jpa.modelgen_2.5.2.v20140319-9ad6abd.jar" />
    <property name="sun.java.launcher" value="SUN_STANDARD" />
    <property name="libs.hibernate4-persistencemodelgen.javadoc" value="" />
    <property name="libs.jaxb.javadoc" value="D:\Program Files\NetBeans 8.1\ide\docs\jaxb-api-doc.zip" />
    <property name="javac.includes.binary" value="C:\Users\ruud\Documents\NetBeansProjects\BankierenNoObserverFX\build\test\classes\UnitTests\BankTests.class" />
    <property name="ant.home" value="D:\Program Files\NetBeans 8.1\extide\ant" />
    <property name="libs.junit_4.src" value="D:\Program Files\NetBeans 8.1\platform\docs\junit-4.12-sources.jar" />
    <property name="javafx.run.height" value="600" />
    <property name="libs.testng.classpath" value="D:\Program Files\NetBeans 8.1\platform\modules\ext\testng-6.8.1-dist.jar" />
    <property name="libs.absolutelayout.maven-pom" value="" />
    <property name="ant.java.version" value="1.8" />
    <property name="java.library.path" value="D:\Program Files\Java\jdk1.8.0_40\jre\bin;C:\WINDOWS\Sun\Java\bin;C:\WINDOWS\system32;C:\WINDOWS;C:\oraclexe\app\oracle\product\11.2.0\server\bin;D:\app\ruud\product\12.1.0\client_2;D:\app\ruud\product\12.1.0\client_2\bin;D:\app\ruud\product\12.1.0\client_1;D:\app\ruud\product\12.1.0\client_1\bin;C:\ProgramData\Oracle\Java\javapath;C:\WinAVR-20100110\bin;C:\WinAVR-20100110\utils\bin;C:\Program Files\Common Files\Microsoft Shared\Windows Live;C:\Program Files (x86)\Common Files\Microsoft Shared\Windows Live;C:\Windows\system32;C:\Windows;C:\Windows\System32\Wbem;C:\Windows\System32\WindowsPowerShell\v1.0\;C:\Program Files (x86)\Windows Live\Shared;C:\Program Files\Trend Micro\AMSP;C:\Program Files (x86)\VDMSound;D:\Program Files\MATLAB\R2012a\runtime\win64;D:\Program Files\MATLAB\R2012a\bin;C:\Users\ruud\AppData\Local\Smartbar\Application\;D:\Program Files\doxygen\bin;D:\Program Files (x86)\Graphviz 2.28\bin;C:\Program Files (x86)\Windows Kits\8.1\Windows Performance Toolkit\;C:\Program Files\Microsoft SQL Server\110\Tools\Binn\;C:\VXIPNP\WinNT\Bin;C:\Program Files\Microsoft\Web Platform Installer\;C:\Program Files (x86)\Microsoft SDKs\TypeScript\1.0\;C:\Program Files\Microsoft SQL Server\120\Tools\Binn\;C:\Program Files (x86)\NVIDIA Corporation\PhysX\Common;C:\WINDOWS\system32;C:\WINDOWS;C:\WINDOWS\System32\Wbem;C:\WINDOWS\System32\WindowsPowerShell\v1.0\;d:\Program Files (x86)\GNU\GnuPG\pub;C:\oraclexe\app\oracle\product\11.2.0\server\bin;D:\app\ruud\product\12.1.0\client_2;D:\app\ruud\product\12.1.0\client_2\bin;D:\app\ruud\product\12.1.0\client_1;D:\app\ruud\product\12.1.0\client_1\bin;C:\ProgramData\Oracle\Java\javapath;C:\WinAVR-20100110\bin;C:\WinAVR-20100110\utils\bin;C:\Program Files\Common Files\Microsoft Shared\Windows Live;C:\Program Files (x86)\Common Files\Microsoft Shared\Windows Live;C:\Windows\system32;C:\Windows;C:\Windows\System32\Wbem;C:\Windows\System32\WindowsPowerShell\v1.0\;C:\Program Files (x86)\Windows Live\Shared;C:\Program Files\Trend Micro\AMSP;C:\Program Files (x86)\VDMSound;D:\Program Files\MATLAB\R2012a\runtime\win64;D:\Program Files\MATLAB\R2012a\bin;C:\Users\ruud\AppData\Local\Smartbar\Application\;D:\Program Files\doxygen\bin;D:\Program Files (x86)\Graphviz 2.28\bin;C:\Program Files (x86)\Windows Kits\8.1\Windows Performance Toolkit\;C:\Program Files\Microsoft SQL Server\110\Tools\Binn\;C:\VXIPNP\WinNT\Bin;C:\Program Files\Microsoft\Web Platform Installer\;C:\Program Files (x86)\Microsoft SDKs\TypeScript\1.0\;C:\Program Files\Microsoft SQL Server\120\Tools\Binn\;C:\Program Files (x86)\NVIDIA Corporation\PhysX\Common;C:\WINDOWS\system32;C:\WINDOWS;C:\WINDOWS\System32\Wbem;C:\WINDOWS\System32\WindowsPowerShell\v1.0\;." />
    <property name="javadoc.author" value="false" />
    <property name="java.util.logging.config.class" value="org.netbeans.core.startup.TopLogging" />
    <property name="libs.spring-framework400.src" value="" />
    <property name="libs.PostgreSQLDriver.src" value="" />
    <property name="sun.arch.data.model" value="64" />
    <property name="basedir" value="C:\Users\ruud\Documents\NetBeansProjects\BankierenNoObserverFX" />
    <property name="libs.jpa20-persistence.maven-pom" value="" />
    <property name="jar.compress" value="false" />
    <property name="path.separator" value=";" />
    <property name="ant.junit.enabletestlistenerevents" value="true" />
    <property name="sun.io.unicode.encoding" value="UnicodeLittle" />
    <property name="libs.jaxws21.classpath" value="D:\Program Files\NetBeans 8.1\ide\modules\ext\jaxb\jaxb-impl.jar;D:\Program Files\NetBeans 8.1\ide\modules\ext\jaxb\jaxb-xjc.jar;D:\Program Files\NetBeans 8.1\java\modules\ext\jaxws22\FastInfoset.jar;D:\Program Files\NetBeans 8.1\java\modules\ext\jaxws22\gmbal-api-only.jar;D:\Program Files\NetBeans 8.1\java\modules\ext\jaxws22\ha-api.jar;D:\Program Files\NetBeans 8.1\java\modules\ext\jaxws22\javax.mail_1.4.jar;D:\Program Files\NetBeans 8.1\java\modules\ext\jaxws22\jaxws-rt.jar;D:\Program Files\NetBeans 8.1\java\modules\ext\jaxws22\jaxws-tools.jar;D:\Program Files\NetBeans 8.1\java\modules\ext\jaxws22\management-api.jar;D:\Program Files\NetBeans 8.1\java\modules\ext\jaxws22\mimepull.jar;D:\Program Files\NetBeans 8.1\java\modules\ext\jaxws22\policy.jar;D:\Program Files\NetBeans 8.1\java\modules\ext\jaxws22\saaj-impl.jar;D:\Program Files\NetBeans 8.1\java\modules\ext\jaxws22\stax-ex.jar;D:\Program Files\NetBeans 8.1\java\modules\ext\jaxws22\stax2-api.jar;D:\Program Files\NetBeans 8.1\java\modules\ext\jaxws22\streambuffer.jar;D:\Program Files\NetBeans 8.1\java\modules\ext\jaxws22\woodstox-core-asl.jar;D:\Program Files\NetBeans 8.1\java\modules\ext\jaxws22\api\jaxws-api.jar;D:\Program Files\NetBeans 8.1\java\modules\ext\jaxws22\api\jsr181-api.jar;D:\Program Files\NetBeans 8.1\java\modules\ext\jaxws22\api\javax.annotation.jar;D:\Program Files\NetBeans 8.1\java\modules\ext\jaxws22\api\saaj-api.jar;D:\Program Files\NetBeans 8.1\ide\modules\ext\jaxb\activation.jar;D:\Program Files\NetBeans 8.1\ide\modules\ext\jaxb\api\jaxb-api.jar;D:\Program Files\NetBeans 8.1\ide\modules\ext\jaxb\api\jsr173_1.0_api.jar" />
    <property name="compile.on.save" value="true" />
    <property name="apple.awt.graphics.UseQuartz" value="true" />
    <property name="user.language" value="nl" />
    <property name="testng.mode" value="testng" />
    <property name="libs.JAXB-ENDORSED.maven-pom" value="" />
    <property name="libs.eclipselink.maven-pom" value="" />
    <property name="application.vendor" value="frankcoenen" />
    <property name="test.binaryincludes" value="&lt;nothing&gt;" />
    <property name="manifest.available" value="true" />
    <property name="libs.spring-framework300.maven-pom" value="" />
    <property name="run.test.classpath" value="D:\Program Files\Java\jdk1.8.0_40\jre/lib/javaws.jar:D:\Program Files\Java\jdk1.8.0_40\jre/lib/deploy.jar:D:\Program Files\Java\jdk1.8.0_40\jre/lib/plugin.jar:build/classes:D:\Program Files\NetBeans 8.1\platform\modules\ext\junit-4.12.jar:build/test/classes" />
    <property name="ant.project.invoked-targets" value="test-single" />
    <property name="test.binaryexcludes" value="" />
    <property name="libs.swing-layout.javadoc" value="D:\Program Files\NetBeans 8.1\platform\docs\swing-layout-1.0.4-doc.zip" />
    <property name="sun.java2d.dpiaware" value="true" />
    <property name="libs.hibernate4-persistence.maven-pom" value="" />
    <property name="https.nonProxyHosts" value="localhost|127.0.0.1|ruud-PC" />
    <property name="libs.PostgreSQLDriver.maven-pom" value="" />
    <property name="java.class.version" value="52.0" />
    <property name="libs.JAVADB_DRIVER_LABEL.classpath" value="D:\Program Files\Java\jdk1.8.0_40\db\lib\derby.jar;D:\Program Files\Java\jdk1.8.0_40\db\lib\derbyclient.jar;D:\Program Files\Java\jdk1.8.0_40\db\lib\derbynet.jar" />
    <property name="libs.hibernate4-persistencemodelgen.maven-pom" value="" />
    <property name="libs.eclipselink.javadoc" value="D:\Program Files\NetBeans 8.1\java\modules\ext\docs\javax.persistence-2.1.0-doc.zip" />
    <property name="user.properties.file" value="C:\Users\ruud\AppData\Roaming\NetBeans\8.1\build.properties" />
    <property name="runtime.encoding" value="UTF-8" />
    <property name="javafx.rebase.libs" value="false" />
    <property name="libs.javac-api.maven-pom" value="" />
    <property name="file.encoding.pkg" value="sun.io" />
    <property name="sun.cpu.endian" value="little" />
    <property name="libs.JAXB-ENDORSED.javadoc" value="" />
    <property name="libs.JWSAntTasks.classpath" value="D:\Program Files\NetBeans 8.1\java\ant\extra\org-netbeans-modules-javawebstart-anttasks.jar" />
    <property name="libs.spring-framework300.src" value="" />
    <property name="empty.dir" value="C:\Users\ruud\Documents\NetBeansProjects\BankierenNoObserverFX\build\empty" />
    <property name="javafx.deploy.backgroundupdate" value="false" />
    <property name="javafx.disable.concurrent.runs" value="false" />
    <property name="version-output" value="java version &quot;1.8" />
    <property name="test.binarytestincludes" value="" />
    <property name="libs.hibernate4-persistencemodelgen.src" value="" />
    <property name="javafx.preloader.jar.path" value="" />
    <property name="javadoc.preview" value="true" />
    <property name="libs.jpa20-persistence.javadoc" value="D:\Program Files\NetBeans 8.1\java\modules\ext\docs\javax.persistence-2.1.0-doc.zip" />
    <property name="java.home" value="D:\Program Files\Java\jdk1.8.0_40\jre" />
    <property name="debug.test.classpath" value="D:\Program Files\Java\jdk1.8.0_40\jre/lib/javaws.jar:D:\Program Files\Java\jdk1.8.0_40\jre/lib/deploy.jar:D:\Program Files\Java\jdk1.8.0_40\jre/lib/plugin.jar:build/classes:D:\Program Files\NetBeans 8.1\platform\modules\ext\junit-4.12.jar:build/test/classes" />
    <property name="ant.file.BankierenNoObserverFX-impl" value="C:\Users\ruud\Documents\NetBeansProjects\BankierenNoObserverFX\nbproject\build-impl.xml" />
    <property name="netbeans.importclass" value="org.netbeans.upgrade.AutoUpgrade" />
    <property name="ant.project.default-target" value="default" />
    <property name="annotation.processing.run.all.processors" value="true" />
    <property name="jar.archive.disabled" value="true" />
    <property name="libs.PostgreSQLDriver.javadoc" value="" />
    <property name="javafx.main.class" value="bank.gui.BankierClient" />
    <property name="libs.MySQLDriver.maven-pom" value="" />
    <property name="libs.hibernate4-persistence.javadoc" value="D:\Program Files\NetBeans 8.1\java\modules\ext\docs\javax.persistence-2.1.0-doc.zip" />
    <property name="javafx.application.implementation.version" value="1.0" />
    <property name="http.nonProxyHosts" value="localhost|127.0.0.1|ruud-PC" />
    <property name="libs.junit_4.javadoc" value="D:\Program Files\NetBeans 8.1\platform\docs\junit-4.12-javadoc.jar" />
    <property name="run.classpath" value="dist/BankierenNoObserverFX.jar:D:\Program Files\Java\jdk1.8.0_40\jre/lib/javaws.jar:D:\Program Files\Java\jdk1.8.0_40\jre/lib/deploy.jar:D:\Program Files\Java\jdk1.8.0_40\jre/lib/plugin.jar:build/classes" />
    <property name="endorsed.javafx.ant.classpath" value="." />
    <property name="jna.boot.library.name" value="jnidispatch-410" />
    <property name="sun.awt.datatransfer.timeout" value="1000" />
    <property name="libs.jpa2-persistence.maven-pom" value="" />
    <property name="annotation.processing.enabled.in.editor" value="false" />
    <property name="libs.hibernate4-support.classpath" value="D:\Program Files\NetBeans 8.1\java\modules\ext\hibernate4\antlr-2.7.7.jar;D:\Program Files\NetBeans 8.1\java\modules\ext\hibernate4\c3p0-0.9.2.1.jar;D:\Program Files\NetBeans 8.1\java\modules\ext\hibernate4\hibernate-c3p0-4.3.1.Final.jar;D:\Program Files\NetBeans 8.1\java\modules\ext\hibernate4\mchange-commons-java-0.2.3.4.jar;D:\Program Files\NetBeans 8.1\java\modules\ext\hibernate4\dom4j-1.6.1.jar;D:\Program Files\NetBeans 8.1\java\modules\ext\hibernate4\ehcache-core-2.4.3.jar;D:\Program Files\NetBeans 8.1\java\modules\ext\hibernate4\hibernate-ehcache-4.3.1.Final.jar;D:\Program Files\NetBeans 8.1\java\modules\ext\hibernate4\hibernate-core-4.3.1.Final.jar;D:\Program Files\NetBeans 8.1\java\modules\ext\hibernate4\jboss-logging-3.1.3.GA.jar;D:\Program Files\NetBeans 8.1\java\modules\ext\hibernate4\hibernate-commons-annotations-4.0.4.Final.jar;D:\Program Files\NetBeans 8.1\java\modules\ext\hibernate4\hibernate-entitymanager-4.3.1.Final.jar;D:\Program Files\NetBeans 8.1\java\modules\ext\hibernate4\javassist-3.18.1-GA.jar;D:\Program Files\NetBeans 8.1\java\modules\ext\hibernate4\jboss-transaction-api_1.2_spec-1.0.0.Final.jar;D:\Program Files\NetBeans 8.1\java\modules\ext\hibernate4\slf4j-api-1.6.1.jar;D:\Program Files\NetBeans 8.1\java\modules\ext\hibernate4\slf4j-simple-1.6.1.jar" />
    <property name="nb.native.filechooser" value="false" />
    <property name="sun.management.compiler" value="HotSpot 64-Bit Tiered Compilers" />
    <property name="javac.deprecation" value="false" />
    <property name="javadoc.use" value="true" />
    <property name="jna.boot.library.path" value="C:\Users\ruud\.gradle\native\jna\win32-amd64" />
    <property name="sun.java2d.noddraw" value="true" />
    <property name="javac.processorpath" value="D:\Program Files\Java\jdk1.8.0_40\jre/lib/javaws.jar:D:\Program Files\Java\jdk1.8.0_40\jre/lib/deploy.jar:D:\Program Files\Java\jdk1.8.0_40\jre/lib/plugin.jar" />
    <property name="libs.hamcrest.maven-pom" value="" />
    <property name="javac.compilerargs" value="" />
    <property name="svnkit.http.methods" value="Basic" />
    <property name="ant.file" value="C:\Users\ruud\Documents\NetBeansProjects\BankierenNoObserverFX\build.xml" />
    <property name="libs.beans-binding.maven-pom" value="" />
    <property name="libs.hibernate4-support.javadoc" value="D:\Program Files\NetBeans 8.1\java\modules\ext\docs\javax.persistence-2.1.0-doc.zip" />
    <property name="javafx.signing.type" value="self" />
    <property name="libs.beans-binding.src" value="" />
    <property name="java.vm.specification.vendor" value="Oracle Corporation" />
    <property name="libs.swing-layout.src" value="D:\Program Files\NetBeans 8.1\platform\docs\swing-layout-1.0.4-src.zip" />
    <property name="org.openide.major.version" value="IDE/1" />
    <property name="java.vm.name" value="Java HotSpot(TM) 64-Bit Server VM" />
    <property name="javafx.preloader.jar.filename" value="" />
    <property name="netbeans.user" value="C:\Users\ruud\AppData\Roaming\NetBeans\8.1" />
    <property name="javadoc.additionalparam" value="" />
    <property name="java.io.tmpdir" value="C:\Users\ruud\AppData\Local\Temp\" />
    <property name="javafx.run.inbrowser.path" value="/usr/bin/open" />
    <property name="java.vendor.url" value="http://java.oracle.com/" />
    <property name="endorsed.classpath.cmd.line.arg" value="" />
    <property name="junit.available" value="true" />
    <property name="ant.file.BankierenFX300" value="C:\Users\ruud\Documents\NetBeansProjects\BankierenNoObserverFX\build.xml" />
    <property name="org.openide.awt.ActionReference.completion" value="org.netbeans.modules.apisupport.project.layers.PathCompletions" />
    <property name="sun.boot.library.path" value="D:\Program Files\Java\jdk1.8.0_40\jre\bin" />
    <property name="have.sources" value="true" />
    <property name="libs.hamcrest.javadoc" value="" />
    <property name="debug.classpath" value="dist/BankierenNoObserverFX.jar:D:\Program Files\Java\jdk1.8.0_40\jre/lib/javaws.jar:D:\Program Files\Java\jdk1.8.0_40\jre/lib/deploy.jar:D:\Program Files\Java\jdk1.8.0_40\jre/lib/plugin.jar:build/classes" />
    <property name="javadoc.private" value="false" />
    <property name="test.src.dir" value="test" />
    <property name="ap.processors.internal" value="" />
    <property name="meta.inf.dir" value="src/META-INF" />
    <property name="javadoc.encoding.used" value="UTF-8" />
    <property name="dist.jar" value="dist/BankierenNoObserverFX.jar" />
    <property name="libs.spring-framework400.maven-pom" value="" />
    <property name="java.runtime.name" value="Java(TM) SE Runtime Environment" />
    <property name="ant.project.name" value="BankierenFX300" />
    <property name="netbeans.hash.code" value="unique=NB_EXTIDE_JAVA0b681d7f9-89fe-46c6-94e6-ed3c85cd044f_8edc579b-e53d-453f-9e7f-e006db07c610" />
    <property name="netbeans.default_userdir_root" value="C:\Users\ruud\AppData\Roaming\NetBeans" />
    <property name="sun.cpu.isalist" value="amd64" />
    <property name="libs.spring-framework400.javadoc" value="" />
    <property name="libs.CopyLibs.javadoc" value="" />
    <property name="org.openide.specification.version" value="6.2" />
    <property name="javafx.classpath.extension" value="D:\Program Files\Java\jdk1.8.0_40\jre/lib/javaws.jar:D:\Program Files\Java\jdk1.8.0_40\jre/lib/deploy.jar:D:\Program Files\Java\jdk1.8.0_40\jre/lib/plugin.jar" />
    <property name="user.home" value="C:\Users\ruud" />
    <property name="annotation.processing.processors.list" value="" />
    <property name="debug-args-line" value="-Xdebug" />
    <property name="libs.JWSAntTasks.src" value="" />
    <property name="jar.index" value="false" />
    <property name="libs.CopyLibs.maven-pom" value="" />
    <property name="libs.spring-framework300.javadoc" value="" />
    <property name="libs.absolutelayout.javadoc" value="" />
    <property name="java.specification.name" value="Java Platform API Specification" />
    <property name="java.specification.vendor" value="Oracle Corporation" />
    <property name="libs.javac-api.classpath" value="D:\Program Files\NetBeans 8.1\java\modules\ext\nb-javac-api.jar" />
    <property name="java.version" value="1.8.0_40" />
    <property name="run.jvmargs.ide" value="" />
    <property name="javadoc.version" value="false" />
    <property name="libs.MySQLDriver.javadoc" value="" />
    <property name="org.openide.version" value="deprecated" />
    <property name="platform.java" value="D:\Program Files\Java\jdk1.8.0_40\jre/bin/java" />
    <property name="source.encoding" value="UTF-8" />
    <property name="ap.cmd.line.internal" value="" />
    <property name="libs.eclipselinkmodelgen.maven-pom" value="" />
    <property name="ant.file.type.jfx-impl" value="file" />
    <property name="libs.eclipselinkmodelgen.javadoc" value="" />
    <property name="ant.file.jfx-impl" value="C:\Users\ruud\Documents\NetBeansProjects\BankierenNoObserverFX\nbproject\jfx-impl.xml" />
    <property name="netbeans.home+have.tests" value="true" />
    <property name="annotation.processing.processor.options" value="" />
    <property name="libs.testng.maven-pom" value="" />
    <property name="libs.jaxb.src" value="" />
    <property name="work.dir" value="C:\Users\ruud\Documents\NetBeansProjects\BankierenNoObserverFX" />
    <property name="compile.on.save.unsupported.javafx" value="true" />
    <property name="libs.jaxb.classpath" value="D:\Program Files\NetBeans 8.1\ide\modules\ext\jaxb\jaxb-impl.jar;D:\Program Files\NetBeans 8.1\ide\modules\ext\jaxb\jaxb-xjc.jar;D:\Program Files\NetBeans 8.1\ide\modules\ext\jaxb\jaxb1-impl.jar;D:\Program Files\NetBeans 8.1\ide\modules\ext\jaxb\activation.jar;D:\Program Files\NetBeans 8.1\ide\modules\ext\jaxb\api\jaxb-api.jar;D:\Program Files\NetBeans 8.1\ide\modules\ext\jaxb\api\jsr173_1.0_api.jar" />
    <property name="do.depend" value="false" />
    <property name="dist.javadoc.dir" value="dist/javadoc" />
    <property name="libs.swing-layout.classpath" value="D:\Program Files\NetBeans 8.1\platform\modules\ext\swing-layout-1.0.4.jar" />
    <property name="build.generated.dir" value="build/generated" />
    <property name="javac.source" value="1.8" />
    <property name="javafx.fallback.class" value="com.javafx.main.NoJavaFXFallback" />
    <property name="line.separator" value="&#xd;&#xa;" />
    <property name="java.specification.version" value="1.8" />
    <property name="libs.jaxws21.maven-pom" value="" />
    <property name="java.vm.info" value="mixed mode" />
    <property name="nb.junit.batch" value="true" />
    <property name="junit.forkmode" value="perTest" />
    <property name="user.country.format" value="US" />
    <property name="sun.boot.class.path" value="D:\Program Files\Java\jdk1.8.0_40\jre\lib\resources.jar;D:\Program Files\Java\jdk1.8.0_40\jre\lib\rt.jar;D:\Program Files\Java\jdk1.8.0_40\jre\lib\sunrsasign.jar;D:\Program Files\Java\jdk1.8.0_40\jre\lib\jsse.jar;D:\Program Files\Java\jdk1.8.0_40\jre\lib\jce.jar;D:\Program Files\Java\jdk1.8.0_40\jre\lib\charsets.jar;D:\Program Files\Java\jdk1.8.0_40\jre\lib\jfr.jar;D:\Program Files\Java\jdk1.8.0_40\jre\classes" />
    <property name="javac.target" value="1.8" />
    <property name="built-jar.properties" value="C:\Users\ruud\Documents\NetBeansProjects\BankierenNoObserverFX\build\built-jar.properties" />
    <property name="javafx.deploy.permissionselevated" value="true" />
    <property name="build.test.classes.dir" value="build/test/classes" />
    <property name="src.dir" value="src" />
    <property name="annotation.processing.enabled" value="true" />
    <property name="libs.jpa2-persistence.src" value="" />
    <property name="sun.awt.keepWorkingSetOnMinimize" value="true" />
    <property name="libs.jpa20-persistence.src" value="" />
    <property name="libs.JAVADB_DRIVER_LABEL.maven-pom" value="" />
    <property name="ignore.failing.tests" value="true" />
    <property name="javafx.enable.concurrent.external.runs" value="false" />
    <property name="javafx.deploy.embedJNLP" value="true" />
    <property name="dist.dir" value="dist" />
    <property name="libs.groovy-all.javadoc" value="" />
    <property name="testng.debug.mode" value="" />
    <property name="javac.fork" value="false" />
    <property name="libs.groovy-all.classpath" value="D:\Program Files\NetBeans 8.1\groovy\modules\ext\groovy-all.jar" />
    <property name="java.awt.printerjob" value="sun.awt.windows.WPrinterJob" />
    <property name="default.javac.source" value="1.8" />
    <property name="debug-transport-by-os" value="dt_shmem" />
    <property name="sun.jnu.encoding" value="Cp1252" />
    <property name="libs.MySQLDriver.src" value="" />
    <property name="build.test.results.dir" value="build/test/results" />
    <property name="java.runtime.version" value="1.8.0_40-b26" />
    <property name="javafx.run.inbrowser" value="&lt;Default System Browser&gt;" />
    <property name="default.javac.target" value="1.8" />
    <property name="libs.junit_4.classpath" value="D:\Program Files\NetBeans 8.1\platform\modules\ext\junit-4.12.jar" />
    <property name="user.timezone" value="Europe/Berlin" />
    <property name="nb.junit.single" value="false" />
    <property name="libs.JAVADB_DRIVER_LABEL.javadoc" value="" />
    <property name="netbeans.dirs" value="D:\Program Files\NetBeans 8.1\nb;D:\Program Files\NetBeans 8.1\ergonomics;D:\Program Files\NetBeans 8.1\ide;D:\Program Files\NetBeans 8.1\extide;D:\Program Files\NetBeans 8.1\java;D:\Program Files\NetBeans 8.1\apisupport;D:\Program Files\NetBeans 8.1\webcommon;D:\Program Files\NetBeans 8.1\websvccommon;D:\Program Files\NetBeans 8.1\enterprise;D:\Program Files\NetBeans 8.1\mobility;D:\Program Files\NetBeans 8.1\profiler;D:\Program Files\NetBeans 8.1\python;D:\Program Files\NetBeans 8.1\php;D:\Program Files\NetBeans 8.1\identity;D:\Program Files\NetBeans 8.1\harness;D:\Program Files\NetBeans 8.1\cnd;D:\Program Files\NetBeans 8.1\cndext;D:\Program Files\NetBeans 8.1\dlight;D:\Program Files\NetBeans 8.1\groovy;D:\Program Files\NetBeans 8.1\extra;D:\Program Files\NetBeans 8.1\javacard;D:\Program Files\NetBeans 8.1\javafx" />
    <property name="java.ext.dirs" value="D:\Program Files\Java\jdk1.8.0_40\jre\lib\ext;C:\WINDOWS\Sun\Java\lib\ext" />
    <property name="endorsed.classpath" value="" />
    <property name="libs.absolutelayout.classpath" value="D:\Program Files\NetBeans 8.1\java\modules\ext\AbsoluteLayout.jar" />
    <property name="excludes" value="" />
    <property name="libs.jpa2-persistence.javadoc" value="D:\Program Files\NetBeans 8.1\java\modules\ext\docs\javax.persistence-2.1.0-doc.zip" />
    <property name="apple.laf.useScreenMenuBar" value="true" />
    <property name="java.class.path" value="D:\Program Files\Java\jdk1.8.0_40\jre\lib\javaws.jar;D:\Program Files\Java\jdk1.8.0_40\jre\lib\deploy.jar;D:\Program Files\Java\jdk1.8.0_40\jre\lib\plugin.jar;C:\Users\ruud\Documents\NetBeansProjects\BankierenNoObserverFX\build\classes;D:\Program Files\NetBeans 8.1\platform\modules\ext\junit-4.12.jar;C:\Users\ruud\Documents\NetBeansProjects\BankierenNoObserverFX\build\test\classes;D:\Program Files\NetBeans 8.1\extide\ant\lib\ant-launcher.jar;D:\Program Files\NetBeans 8.1\extide\ant\lib\ant.jar;D:\Program Files\NetBeans 8.1\extide\ant\lib\ant-junit.jar;D:\Program Files\NetBeans 8.1\extide\ant\lib\ant-junit4.jar" />
    <property name="libs.absolutelayout.src" value="" />
    <property name="libs.jpa20-persistence.classpath" value="D:\Program Files\NetBeans 8.1\java\modules\ext\eclipselink\javax.persistence_2.1.0.v201304241213.jar" />
    <property name="os.version" value="6.3" />
    <property name="application.args" value="" />
    <property name="manifest.custom.permissions" value="" />
    <property name="main.class.available" value="true" />
    <property name="sun.awt.enableExtraMouseButtons" value="true" />
    <property name="sun.desktop" value="windows" />
    <property name="libs.hibernate4-persistence.src" value="" />
    <property name="libs.hibernate4-support.maven-pom" value="" />
    <property name="javafx.deploy.allowoffline" value="true" />
    <property name="libs.JAXB-ENDORSED.classpath" value="D:\Program Files\NetBeans 8.1\ide\modules\ext\jaxb\api\jaxb-api.jar" />
    <property name="nb.internal.action.name" value="test.single" />
    <property name="libs.eclipselink.classpath" value="D:\Program Files\NetBeans 8.1\java\modules\ext\eclipselink\eclipselink.jar;D:\Program Files\NetBeans 8.1\java\modules\ext\eclipselink\javax.persistence_2.1.0.v201304241213.jar;D:\Program Files\NetBeans 8.1\java\modules\ext\eclipselink\org.eclipse.persistence.jpa.jpql_2.5.2.v20140319-9ad6abd.jar" />
    <property name="libs.beans-binding.javadoc" value="D:\Program Files\NetBeans 8.1\java\docs\beansbinding-1.2.1-doc.zip" />
    <property name="java.awt.graphicsenv" value="sun.awt.Win32GraphicsEnvironment" />
    <property name="java.vm.vendor" value="Oracle Corporation" />
    <property name="libs.CopyLibs.classpath" value="D:\Program Files\NetBeans 8.1\java\ant\extra\org-netbeans-modules-java-j2seproject-copylibstask.jar" />
    <property name="libs.spring-framework300.classpath" value="D:\Program Files\NetBeans 8.1\ide\modules\org-apache-commons-logging.jar;D:\Program Files\NetBeans 8.1\java\modules\ext\cglib-2.2.jar;D:\Program Files\NetBeans 8.1\java\modules\ext\spring-3.0\spring-aop-3.2.7.RELEASE.jar;D:\Program Files\NetBeans 8.1\java\modules\ext\spring-3.0\spring-aspects-3.2.7.RELEASE.jar;D:\Program Files\NetBeans 8.1\java\modules\ext\spring-3.0\spring-beans-3.2.7.RELEASE.jar;D:\Program Files\NetBeans 8.1\java\modules\ext\spring-3.0\spring-build-src-3.2.7.RELEASE.jar;D:\Program Files\NetBeans 8.1\java\modules\ext\spring-3.0\spring-context-3.2.7.RELEASE.jar;D:\Program Files\NetBeans 8.1\java\modules\ext\spring-3.0\spring-context-support-3.2.7.RELEASE.jar;D:\Program Files\NetBeans 8.1\java\modules\ext\spring-3.0\spring-core-3.2.7.RELEASE.jar;D:\Program Files\NetBeans 8.1\java\modules\ext\spring-3.0\spring-expression-3.2.7.RELEASE.jar;D:\Program Files\NetBeans 8.1\java\modules\ext\spring-3.0\spring-framework-bom-3.2.7.RELEASE.jar;D:\Program Files\NetBeans 8.1\java\modules\ext\spring-3.0\spring-instrument-3.2.7.RELEASE.jar;D:\Program Files\NetBeans 8.1\java\modules\ext\spring-3.0\spring-instrument-tomcat-3.2.7.RELEASE.jar;D:\Program Files\NetBeans 8.1\java\modules\ext\spring-3.0\spring-jdbc-3.2.7.RELEASE.jar;D:\Program Files\NetBeans 8.1\java\modules\ext\spring-3.0\spring-jms-3.2.7.RELEASE.jar;D:\Program Files\NetBeans 8.1\java\modules\ext\spring-3.0\spring-orm-3.2.7.RELEASE.jar;D:\Program Files\NetBeans 8.1\java\modules\ext\spring-3.0\spring-oxm-3.2.7.RELEASE.jar;D:\Program Files\NetBeans 8.1\java\modules\ext\spring-3.0\spring-struts-3.2.7.RELEASE.jar;D:\Program Files\NetBeans 8.1\java\modules\ext\spring-3.0\spring-test-3.2.7.RELEASE.jar;D:\Program Files\NetBeans 8.1\java\modules\ext\spring-3.0\spring-tx-3.2.7.RELEASE.jar;D:\Program Files\NetBeans 8.1\java\modules\ext\spring-3.0\spring-web-3.2.7.RELEASE.jar;D:\Program Files\NetBeans 8.1\java\modules\ext\spring-3.0\spring-webmvc-3.2.7.RELEASE.jar;D:\Program Files\NetBeans 8.1\java\modules\ext\spring-3.0\spring-webmvc-portlet-3.2.7.RELEASE.jar" />
    <property name="libs.hamcrest.src" value="" />
    <property name="run.jvmargs" value="" />
    <property name="libs.hibernate4-persistence.classpath" value="D:\Program Files\NetBeans 8.1\java\modules\ext\hibernate4\antlr-2.7.7.jar;D:\Program Files\NetBeans 8.1\java\modules\ext\hibernate4\c3p0-0.9.2.1.jar;D:\Program Files\NetBeans 8.1\java\modules\ext\hibernate4\hibernate-c3p0-4.3.1.Final.jar;D:\Program Files\NetBeans 8.1\java\modules\ext\hibernate4\mchange-commons-java-0.2.3.4.jar;D:\Program Files\NetBeans 8.1\java\modules\ext\hibernate4\dom4j-1.6.1.jar;D:\Program Files\NetBeans 8.1\java\modules\ext\hibernate4\ehcache-core-2.4.3.jar;D:\Program Files\NetBeans 8.1\java\modules\ext\hibernate4\hibernate-ehcache-4.3.1.Final.jar;D:\Program Files\NetBeans 8.1\java\modules\ext\hibernate4\hibernate-core-4.3.1.Final.jar;D:\Program Files\NetBeans 8.1\java\modules\ext\hibernate4\jboss-logging-3.1.3.GA.jar;D:\Program Files\NetBeans 8.1\java\modules\ext\hibernate4\hibernate-commons-annotations-4.0.4.Final.jar;D:\Program Files\NetBeans 8.1\java\modules\ext\hibernate4\hibernate-entitymanager-4.3.1.Final.jar;D:\Program Files\NetBeans 8.1\java\modules\ext\hibernate4\javassist-3.18.1-GA.jar;D:\Program Files\NetBeans 8.1\java\modules\ext\hibernate4\jboss-transaction-api_1.2_spec-1.0.0.Final.jar;D:\Program Files\NetBeans 8.1\java\modules\ext\hibernate4\slf4j-api-1.6.1.jar;D:\Program Files\NetBeans 8.1\java\modules\ext\hibernate4\slf4j-simple-1.6.1.jar;D:\Program Files\NetBeans 8.1\java\modules\ext\hibernate4\hibernate-jpa-2.1-api-1.0.0.Final.jar" />
    <property name="libs.JAXB-ENDORSED.src" value="" />
    <property name="libs.testng.javadoc" value="D:\Program Files\NetBeans 8.1\platform\docs\testng-6.8.1-javadoc.zip" />
    <property name="user.script" value="" />
    <property name="libs.PostgreSQLDriver.classpath" value="D:\Program Files\NetBeans 8.1\ide\modules\ext\postgresql-9.2-1002.jdbc4.jar" />
    <property name="libs.hibernate4-persistencemodelgen.classpath" value="D:\Program Files\NetBeans 8.1\java\modules\ext\hibernate4\hibernate-jpamodelgen-4.3.1.Final.jar" />
    <property name="annotation.processing.source.output" value="build/generated-sources/ap-source-output" />
    <property name="main.class" value="com.javafx.main.Main" />
    <property name="build.dir" value="build" />
    <property name="libs.CopyLibs.src" value="" />
    <property name="ant.file.type.BankierenFX300" value="file" />
    <property name="ant.version" value="Apache Ant(TM) version 1.9.4 compiled on April 29 2014" />
    <property name="file.encoding" value="Cp1252" />
    <property name="build.classes.excludes" value="**/*.java,**/*.form" />
    <property name="jdkBug6558476" value="false" />
    <property name="javadoc.nonavbar" value="false" />
    <property name="platform.active" value="default_platform" />
    <property name="awt.toolkit" value="sun.awt.windows.WToolkit" />
  </properties>
  <testcase classname="UnitTests.BankTests" name="initializationError" time="0.007">
    <error message="org/hamcrest/SelfDescribing" type="java.lang.NoClassDefFoundError">java.lang.NoClassDefFoundError: org/hamcrest/SelfDescribing
	at java.lang.ClassLoader.defineClass1(Native Method)
	at java.lang.ClassLoader.defineClass(ClassLoader.java:760)
	at java.security.SecureClassLoader.defineClass(SecureClassLoader.java:142)
	at java.net.URLClassLoader.defineClass(URLClassLoader.java:467)
	at java.net.URLClassLoader.access$100(URLClassLoader.java:73)
	at java.net.URLClassLoader$1.run(URLClassLoader.java:368)
	at java.net.URLClassLoader$1.run(URLClassLoader.java:362)
	at java.security.AccessController.doPrivileged(Native Method)
	at java.net.URLClassLoader.findClass(URLClassLoader.java:361)
	at java.lang.ClassLoader.loadClass(ClassLoader.java:424)
	at sun.misc.Launcher$AppClassLoader.loadClass(Launcher.java:331)
	at java.lang.ClassLoader.loadClass(ClassLoader.java:357)
	at java.lang.reflect.Constructor.newInstance(Constructor.java:422)
Caused by: java.lang.ClassNotFoundException: org.hamcrest.SelfDescribing
	at java.net.URLClassLoader.findClass(URLClassLoader.java:381)
	at java.lang.ClassLoader.loadClass(ClassLoader.java:424)
	at sun.misc.Launcher$AppClassLoader.loadClass(Launcher.java:331)
	at java.lang.ClassLoader.loadClass(ClassLoader.java:357)
</error>
  </testcase>
  <system-out><![CDATA[]]></system-out>
  <system-err><![CDATA[]]></system-err>
</testsuite>
